2519168066
5138569180
7902513529
24771523076
2393808417
3382106914
768283201
25089073557
11302641610
-34399143
25291123226
21355754934
31883200787
17767346018
6681829360
12799099235
11100063109
1991787003
23429310863
16856783420
16570656959
15179437114
22995127116
26852364949
20668746701
5471951128
16435559392
29067001198
26914686558
18900779170
6674223797
19143197503
7934879195
478223435
10269841247
10989800967
17936959463
25951268676
21972423150
8967059864
394051320
6989557167
9352269104
3054282659
27135286365
9580016396
2232356161
17348980407
18809607989
13794823735
11534495596
23045672587
10005802902
5730081481
18512383828
30188986732
7308587738
3248214425
18306474683
20529889976
19187743964
18832010723
2695172471
33638005303
5319498826
8010227666
4938585005
20044936884
3448333979
-304177637
8323882595
25235142246
